<?xml version="1.0" encoding="UTF-8"?>
<!-- Generated by org.testng.reporters.JUnitReportReporter -->
<testsuite skipped="0" hostname="Jasdeeps-MacBook-Pro.local" name="com.appdirect.autotechchallenge.MyTest" tests="3" failures="0" timestamp="09 Apr 2017 17:15:37 GMT" time="20.929" errors="0">
  <testcase name="SignUpOrLogin" time="5.694" classname="com.appdirect.autotechchallenge.MyTest"/>
  <testcase name="LoadHomePage" time="12.890" classname="com.appdirect.autotechchallenge.MyTest"/>
  <testcase name="EmailLogin" time="2.345" classname="com.appdirect.autotechchallenge.MyTest"/>
</testsuite> <!-- com.appdirect.autotechchallenge.MyTest -->
