<?xml version="1.0" encoding="UTF-8"?>
<!-- Generated by org.testng.reporters.JUnitReportReporter -->
<testsuite skipped="0" hostname="Jasdeeps-MacBook-Pro.local" name="com.appdirect.autotechchallenge.AppdirectTest" tests="4" failures="0" timestamp="13 Apr 2017 05:49:32 GMT" time="24.821" errors="0">
  <testcase name="homePageTest" time="12.589" classname="com.appdirect.autotechchallenge.AppdirectTest"/>
  <testcase name="CheckIfSuccessFulOrNot" time="4.467" classname="com.appdirect.autotechchallenge.AppdirectTest"/>
  <testcase name="loginPageTest" time="7.483" classname="com.appdirect.autotechchallenge.AppdirectTest"/>
  <testcase name="signUpPageTest" time="0.282" classname="com.appdirect.autotechchallenge.AppdirectTest"/>
</testsuite> <!-- com.appdirect.autotechchallenge.AppdirectTest -->
